# JRE version: Java(TM) SE Runtime Environment (23.0.1+11) (build 23.0.1+11-39)
# Java VM: Java HotSpot(TM) 64-Bit Server VM (23.0.1+11-39, mixed mode, sharing, tiered, compressed oops, compressed class ptrs, g1 gc, windows-amd64)
GC Precious Log:
 CardTable entry size: 512
 Card Set container configuration: InlinePtr #cards 4 size 8 Array Of Cards #cards 16 size 48 Howl #buckets 8 coarsen threshold 3686 Howl Bitmap #cards 512 size 80 coarsen threshold 460 Card regions per heap region 1 cards per card region 4096
 CPUs: 12 total, 12 available
 Memory: 16088M
 Large Page Support: Disabled
 NUMA Support: Disabled
 Compressed Oops: Enabled (Zero based)
 Heap Region Size: 2M
 Heap Min Capacity: 8M
 Heap Initial Capacity: 252M
 Heap Max Capacity: 4024M
 Pre-touch: Disabled
 Parallel Workers: 10
 Concurrent Workers: 3
 Concurrent Refinement Workers: 10
 Periodic GC: Disabled
Heap:
 garbage-first heap   total reserved 4120576K, committed 81920K, used 51896K [0x0000000704800000, 0x0000000800000000)
  region size 2048K, 3 young (6144K), 1 survivors (2048K)
 Metaspace       used 34422K, committed 35008K, reserved 1114112K
  class space    used 4615K, committed 4864K, reserved 1048576K
GC Heap History (20 events):
Event: 7.152 GC heap before
{Heap before GC invocations=6 (full 0):
 garbage-first heap   total reserved 4120576K, committed 61440K, used 25378K [0x0000000704800000, 0x0000000800000000)
  region size 2048K, 4 young (8192K), 2 survivors (4096K)
 Metaspace       used 24563K, committed 25024K, reserved 1114112K
  class space    used 3591K, committed 3776K, reserved 1048576K
}
Event: 7.153 GC heap after
{Heap after GC invocations=7 (full 0):
 garbage-first heap   total reserved 4120576K, committed 61440K, used 25587K [0x0000000704800000, 0x0000000800000000)
  region size 2048K, 1 young (2048K), 1 survivors (2048K)
 Metaspace       used 24563K, committed 25024K, reserved 1114112K
  class space    used 3591K, committed 3776K, reserved 1048576K
}
Event: 10.932 GC heap before
{Heap before GC invocations=7 (full 0):
 garbage-first heap   total reserved 4120576K, committed 61440K, used 48115K [0x0000000704800000, 0x0000000800000000)
  region size 2048K, 10 young (20480K), 1 survivors (2048K)
 Metaspace       used 26005K, committed 26496K, reserved 1114112K
  class space    used 3751K, committed 3968K, reserved 1048576K
}
Event: 10.934 GC heap after
{Heap after GC invocations=8 (full 0):
 garbage-first heap   total reserved 4120576K, committed 61440K, used 34191K [0x0000000704800000, 0x0000000800000000)
  region size 2048K, 2 young (4096K), 2 survivors (4096K)
 Metaspace       used 26005K, committed 26496K, reserved 1114112K
  class space    used 3751K, committed 3968K, reserved 1048576K
}
Event: 15.938 GC heap before
{Heap before GC invocations=9 (full 0):
 garbage-first heap   total reserved 4120576K, committed 61440K, used 48527K [0x0000000704800000, 0x0000000800000000)
  region size 2048K, 10 young (20480K), 2 survivors (4096K)
 Metaspace       used 32209K, committed 32704K, reserved 1114112K
  class space    used 4460K, committed 4672K, reserved 1048576K
}
Event: 15.940 GC heap after
{Heap after GC invocations=10 (full 0):
 garbage-first heap   total reserved 4120576K, committed 61440K, used 36862K [0x0000000704800000, 0x0000000800000000)
  region size 2048K, 2 young (4096K), 2 survivors (4096K)
 Metaspace       used 32209K, committed 32704K, reserved 1114112K
  class space    used 4460K, committed 4672K, reserved 1048576K
}
Event: 88.869 GC heap before
{Heap before GC invocations=10 (full 0):
 garbage-first heap   total reserved 4120576K, committed 61440K, used 51198K [0x0000000704800000, 0x0000000800000000)
  region size 2048K, 9 young (18432K), 2 survivors (4096K)
 Metaspace       used 32656K, committed 33216K, reserved 1114112K
  class space    used 4471K, committed 4736K, reserved 1048576K
}
Event: 88.872 GC heap after
{Heap after GC invocations=11 (full 0):
 garbage-first heap   total reserved 4120576K, committed 61440K, used 36964K [0x0000000704800000, 0x0000000800000000)
  region size 2048K, 1 young (2048K), 1 survivors (2048K)
 Metaspace       used 32656K, committed 33216K, reserved 1114112K
  class space    used 4471K, committed 4736K, reserved 1048576K
}
Event: 133.909 GC heap before
{Heap before GC invocations=11 (full 0):
 garbage-first heap   total reserved 4120576K, committed 61440K, used 51300K [0x0000000704800000, 0x0000000800000000)
  region size 2048K, 8 young (16384K), 1 survivors (2048K)
 Metaspace       used 32827K, committed 33344K, reserved 1114112K
  class space    used 4471K, committed 4736K, reserved 1048576K
}
Event: 133.911 GC heap after
{Heap after GC invocations=12 (full 0):
 garbage-first heap   total reserved 4120576K, committed 61440K, used 36879K [0x0000000704800000, 0x0000000800000000)
  region size 2048K, 1 young (2048K), 1 survivors (2048K)
 Metaspace       used 32827K, committed 33344K, reserved 1114112K
  class space    used 4471K, committed 4736K, reserved 1048576K
}
Event: 200.811 GC heap before
{Heap before GC invocations=13 (full 0):
 garbage-first heap   total reserved 4120576K, committed 65536K, used 63503K [0x0000000704800000, 0x0000000800000000)
  region size 2048K, 8 young (16384K), 1 survivors (2048K)
 Metaspace       used 33045K, committed 33600K, reserved 1114112K
  class space    used 4477K, committed 4736K, reserved 1048576K
}
Event: 200.813 GC heap after
{Heap after GC invocations=14 (full 0):
 garbage-first heap   total reserved 4120576K, committed 67584K, used 43611K [0x0000000704800000, 0x0000000800000000)
  region size 2048K, 1 young (2048K), 1 survivors (2048K)
 Metaspace       used 33045K, committed 33600K, reserved 1114112K
  class space    used 4477K, committed 4736K, reserved 1048576K
}
Event: 204.486 GC heap before
{Heap before GC invocations=14 (full 0):
 garbage-first heap   total reserved 4120576K, committed 67584K, used 64091K [0x0000000704800000, 0x0000000800000000)
  region size 2048K, 8 young (16384K), 1 survivors (2048K)
 Metaspace       used 33507K, committed 34048K, reserved 1114112K
  class space    used 4508K, committed 4736K, reserved 1048576K
}
Event: 204.489 GC heap after
{Heap after GC invocations=15 (full 0):
 garbage-first heap   total reserved 4120576K, committed 71680K, used 45405K [0x0000000704800000, 0x0000000800000000)
  region size 2048K, 1 young (2048K), 1 survivors (2048K)
 Metaspace       used 33507K, committed 34048K, reserved 1114112K
  class space    used 4508K, committed 4736K, reserved 1048576K
}
Event: 204.555 GC heap before
{Heap before GC invocations=15 (full 0):
 garbage-first heap   total reserved 4120576K, committed 71680K, used 49501K [0x0000000704800000, 0x0000000800000000)
  region size 2048K, 4 young (8192K), 1 survivors (2048K)
 Metaspace       used 33557K, committed 34048K, reserved 1114112K
  class space    used 4508K, committed 4736K, reserved 1048576K
}
Event: 204.562 GC heap after
{Heap after GC invocations=16 (full 0):
 garbage-first heap   total reserved 4120576K, committed 71680K, used 46932K [0x0000000704800000, 0x0000000800000000)
  region size 2048K, 2 young (4096K), 2 survivors (4096K)
 Metaspace       used 33557K, committed 34048K, reserved 1114112K
  class space    used 4508K, committed 4736K, reserved 1048576K
}
Event: 238.545 GC heap before
{Heap before GC invocations=17 (full 0):
 garbage-first heap   total reserved 4120576K, committed 81920K, used 59220K [0x0000000704800000, 0x0000000800000000)
  region size 2048K, 9 young (18432K), 2 survivors (4096K)
 Metaspace       used 33904K, committed 34432K, reserved 1114112K
  class space    used 4547K, committed 4800K, reserved 1048576K
}
Event: 238.548 GC heap after
{Heap after GC invocations=18 (full 0):
 garbage-first heap   total reserved 4120576K, committed 81920K, used 50193K [0x0000000704800000, 0x0000000800000000)
  region size 2048K, 2 young (4096K), 2 survivors (4096K)
 Metaspace       used 33904K, committed 34432K, reserved 1114112K
  class space    used 4547K, committed 4800K, reserved 1048576K
}
Event: 293.156 GC heap before
{Heap before GC invocations=18 (full 0):
 garbage-first heap   total reserved 4120576K, committed 81920K, used 68625K [0x0000000704800000, 0x0000000800000000)
  region size 2048K, 11 young (22528K), 2 survivors (4096K)
 Metaspace       used 34401K, committed 34944K, reserved 1114112K
  class space    used 4613K, committed 4864K, reserved 1048576K
}
Event: 293.164 GC heap after
{Heap after GC invocations=19 (full 0):
 garbage-first heap   total reserved 4120576K, committed 81920K, used 49848K [0x0000000704800000, 0x0000000800000000)
  region size 2048K, 1 young (2048K), 1 survivors (2048K)
 Metaspace       used 34401K, committed 34944K, reserved 1114112K
  class space    used 4613K, committed 4864K, reserved 1048576K
}

