# JRE version: Java(TM) SE Runtime Environment (23.0.1+11) (build 23.0.1+11-39)
# Java VM: Java HotSpot(TM) 64-Bit Server VM (23.0.1+11-39, mixed mode, sharing, tiered, compressed oops, compressed class ptrs, g1 gc, windows-amd64)
GC Precious Log:
 CardTable entry size: 512
 Card Set container configuration: InlinePtr #cards 4 size 8 Array Of Cards #cards 16 size 48 Howl #buckets 8 coarsen threshold 3686 Howl Bitmap #cards 512 size 80 coarsen threshold 460 Card regions per heap region 1 cards per card region 4096
 CPUs: 12 total, 12 available
 Memory: 16088M
 Large Page Support: Disabled
 NUMA Support: Disabled
 Compressed Oops: Enabled (Zero based)
 Heap Region Size: 2M
 Heap Min Capacity: 8M
 Heap Initial Capacity: 252M
 Heap Max Capacity: 4024M
 Pre-touch: Disabled
 Parallel Workers: 10
 Concurrent Workers: 3
 Concurrent Refinement Workers: 10
 Periodic GC: Disabled
Heap:
 garbage-first heap   total reserved 4120576K, committed 335872K, used 44685K [0x0000000704800000, 0x0000000800000000)
  region size 2048K, 1 young (2048K), 1 survivors (2048K)
 Metaspace       used 33617K, committed 34176K, reserved 1114112K
  class space    used 4650K, committed 4928K, reserved 1048576K
GC Heap History (20 events):
Event: 144.988 GC heap after
{Heap after GC invocations=79 (full 0):
 garbage-first heap   total reserved 4120576K, committed 335872K, used 43816K [0x0000000704800000, 0x0000000800000000)
  region size 2048K, 2 young (4096K), 2 survivors (4096K)
 Metaspace       used 33488K, committed 34048K, reserved 1114112K
  class space    used 4650K, committed 4928K, reserved 1048576K
}
Event: 145.154 GC heap before
{Heap before GC invocations=79 (full 0):
 garbage-first heap   total reserved 4120576K, committed 335872K, used 238376K [0x0000000704800000, 0x0000000800000000)
  region size 2048K, 98 young (200704K), 2 survivors (4096K)
 Metaspace       used 33488K, committed 34048K, reserved 1114112K
  class space    used 4650K, committed 4928K, reserved 1048576K
}
Event: 145.156 GC heap after
{Heap after GC invocations=80 (full 0):
 garbage-first heap   total reserved 4120576K, committed 335872K, used 43319K [0x0000000704800000, 0x0000000800000000)
  region size 2048K, 2 young (4096K), 2 survivors (4096K)
 Metaspace       used 33488K, committed 34048K, reserved 1114112K
  class space    used 4650K, committed 4928K, reserved 1048576K
}
Event: 145.404 GC heap before
{Heap before GC invocations=80 (full 0):
 garbage-first heap   total reserved 4120576K, committed 335872K, used 237879K [0x0000000704800000, 0x0000000800000000)
  region size 2048K, 98 young (200704K), 2 survivors (4096K)
 Metaspace       used 33606K, committed 34176K, reserved 1114112K
  class space    used 4650K, committed 4928K, reserved 1048576K
}
Event: 145.406 GC heap after
{Heap after GC invocations=81 (full 0):
 garbage-first heap   total reserved 4120576K, committed 335872K, used 43665K [0x0000000704800000, 0x0000000800000000)
  region size 2048K, 2 young (4096K), 2 survivors (4096K)
 Metaspace       used 33606K, committed 34176K, reserved 1114112K
  class space    used 4650K, committed 4928K, reserved 1048576K
}
Event: 145.624 GC heap before
{Heap before GC invocations=81 (full 0):
 garbage-first heap   total reserved 4120576K, committed 335872K, used 238225K [0x0000000704800000, 0x0000000800000000)
  region size 2048K, 98 young (200704K), 2 survivors (4096K)
 Metaspace       used 33611K, committed 34176K, reserved 1114112K
  class space    used 4650K, committed 4928K, reserved 1048576K
}
Event: 145.626 GC heap after
{Heap after GC invocations=82 (full 0):
 garbage-first heap   total reserved 4120576K, committed 335872K, used 44193K [0x0000000704800000, 0x0000000800000000)
  region size 2048K, 2 young (4096K), 2 survivors (4096K)
 Metaspace       used 33611K, committed 34176K, reserved 1114112K
  class space    used 4650K, committed 4928K, reserved 1048576K
}
Event: 145.861 GC heap before
{Heap before GC invocations=82 (full 0):
 garbage-first heap   total reserved 4120576K, committed 335872K, used 238753K [0x0000000704800000, 0x0000000800000000)
  region size 2048K, 98 young (200704K), 2 survivors (4096K)
 Metaspace       used 33611K, committed 34176K, reserved 1114112K
  class space    used 4650K, committed 4928K, reserved 1048576K
}
Event: 145.863 GC heap after
{Heap after GC invocations=83 (full 0):
 garbage-first heap   total reserved 4120576K, committed 335872K, used 43765K [0x0000000704800000, 0x0000000800000000)
  region size 2048K, 2 young (4096K), 2 survivors (4096K)
 Metaspace       used 33611K, committed 34176K, reserved 1114112K
  class space    used 4650K, committed 4928K, reserved 1048576K
}
Event: 146.054 GC heap before
{Heap before GC invocations=83 (full 0):
 garbage-first heap   total reserved 4120576K, committed 335872K, used 238325K [0x0000000704800000, 0x0000000800000000)
  region size 2048K, 98 young (200704K), 2 survivors (4096K)
 Metaspace       used 33613K, committed 34176K, reserved 1114112K
  class space    used 4650K, committed 4928K, reserved 1048576K
}
Event: 146.055 GC heap after
{Heap after GC invocations=84 (full 0):
 garbage-first heap   total reserved 4120576K, committed 335872K, used 44422K [0x0000000704800000, 0x0000000800000000)
  region size 2048K, 2 young (4096K), 2 survivors (4096K)
 Metaspace       used 33613K, committed 34176K, reserved 1114112K
  class space    used 4650K, committed 4928K, reserved 1048576K
}
Event: 146.267 GC heap before
{Heap before GC invocations=84 (full 0):
 garbage-first heap   total reserved 4120576K, committed 335872K, used 238982K [0x0000000704800000, 0x0000000800000000)
  region size 2048K, 98 young (200704K), 2 survivors (4096K)
 Metaspace       used 33617K, committed 34176K, reserved 1114112K
  class space    used 4650K, committed 4928K, reserved 1048576K
}
Event: 148.113 GC heap after
{Heap after GC invocations=85 (full 0):
 garbage-first heap   total reserved 4120576K, committed 335872K, used 43886K [0x0000000704800000, 0x0000000800000000)
  region size 2048K, 2 young (4096K), 2 survivors (4096K)
 Metaspace       used 33617K, committed 34176K, reserved 1114112K
  class space    used 4650K, committed 4928K, reserved 1048576K
}
Event: 148.131 GC heap before
{Heap before GC invocations=85 (full 0):
 garbage-first heap   total reserved 4120576K, committed 335872K, used 54126K [0x0000000704800000, 0x0000000800000000)
  region size 2048K, 8 young (16384K), 2 survivors (4096K)
 Metaspace       used 33617K, committed 34176K, reserved 1114112K
  class space    used 4650K, committed 4928K, reserved 1048576K
}
Event: 148.132 GC heap after
{Heap after GC invocations=86 (full 0):
 garbage-first heap   total reserved 4120576K, committed 335872K, used 43915K [0x0000000704800000, 0x0000000800000000)
  region size 2048K, 1 young (2048K), 1 survivors (2048K)
 Metaspace       used 33617K, committed 34176K, reserved 1114112K
  class space    used 4650K, committed 4928K, reserved 1048576K
}
Event: 148.154 GC heap before
{Heap before GC invocations=86 (full 0):
 garbage-first heap   total reserved 4120576K, committed 335872K, used 56203K [0x0000000704800000, 0x0000000800000000)
  region size 2048K, 8 young (16384K), 1 survivors (2048K)
 Metaspace       used 33617K, committed 34176K, reserved 1114112K
  class space    used 4650K, committed 4928K, reserved 1048576K
}
Event: 148.155 GC heap after
{Heap after GC invocations=87 (full 0):
 garbage-first heap   total reserved 4120576K, committed 335872K, used 43699K [0x0000000704800000, 0x0000000800000000)
  region size 2048K, 1 young (2048K), 1 survivors (2048K)
 Metaspace       used 33617K, committed 34176K, reserved 1114112K
  class space    used 4650K, committed 4928K, reserved 1048576K
}
Event: 148.176 GC heap before
{Heap before GC invocations=87 (full 0):
 garbage-first heap   total reserved 4120576K, committed 335872K, used 55987K [0x0000000704800000, 0x0000000800000000)
  region size 2048K, 8 young (16384K), 1 survivors (2048K)
 Metaspace       used 33617K, committed 34176K, reserved 1114112K
  class space    used 4650K, committed 4928K, reserved 1048576K
}
Event: 148.177 GC heap after
{Heap after GC invocations=88 (full 0):
 garbage-first heap   total reserved 4120576K, committed 335872K, used 43490K [0x0000000704800000, 0x0000000800000000)
  region size 2048K, 1 young (2048K), 1 survivors (2048K)
 Metaspace       used 33617K, committed 34176K, reserved 1114112K
  class space    used 4650K, committed 4928K, reserved 1048576K
}
Event: 148.199 GC heap before
{Heap before GC invocations=88 (full 0):
 garbage-first heap   total reserved 4120576K, committed 335872K, used 55778K [0x0000000704800000, 0x0000000800000000)
  region size 2048K, 8 young (16384K), 1 survivors (2048K)
 Metaspace       used 33617K, committed 34176K, reserved 1114112K
  class space    used 4650K, committed 4928K, reserved 1048576K
}

