# JRE version: Java(TM) SE Runtime Environment (23.0.1+11) (build 23.0.1+11-39)
# Java VM: Java HotSpot(TM) 64-Bit Server VM (23.0.1+11-39, mixed mode, sharing, tiered, compressed oops, compressed class ptrs, g1 gc, windows-amd64)
GC Precious Log:
 CardTable entry size: 512
 Card Set container configuration: InlinePtr #cards 4 size 8 Array Of Cards #cards 16 size 48 Howl #buckets 8 coarsen threshold 3686 Howl Bitmap #cards 512 size 80 coarsen threshold 460 Card regions per heap region 1 cards per card region 4096
 CPUs: 12 total, 12 available
 Memory: 16088M
 Large Page Support: Disabled
 NUMA Support: Disabled
 Compressed Oops: Enabled (Zero based)
 Heap Region Size: 2M
 Heap Min Capacity: 8M
 Heap Initial Capacity: 252M
 Heap Max Capacity: 4024M
 Pre-touch: Disabled
 Parallel Workers: 10
 Concurrent Workers: 3
 Concurrent Refinement Workers: 10
 Periodic GC: Disabled
Heap:
 garbage-first heap   total reserved 4120576K, committed 159744K, used 50114K [0x0000000704800000, 0x0000000800000000)
  region size 2048K, 1 young (2048K), 1 survivors (2048K)
 Metaspace       used 35085K, committed 35648K, reserved 1114112K
  class space    used 4728K, committed 4992K, reserved 1048576K
GC Heap History (20 events):
Event: 589.614 GC heap after
{Heap after GC invocations=238 (full 0):
 garbage-first heap   total reserved 4120576K, committed 159744K, used 51288K [0x0000000704800000, 0x0000000800000000)
  region size 2048K, 4 young (8192K), 4 survivors (8192K)
 Metaspace       used 35077K, committed 35648K, reserved 1114112K
  class space    used 4728K, committed 4992K, reserved 1048576K
}
Event: 590.615 GC heap before
{Heap before GC invocations=238 (full 0):
 garbage-first heap   total reserved 4120576K, committed 159744K, used 125016K [0x0000000704800000, 0x0000000800000000)
  region size 2048K, 41 young (83968K), 4 survivors (8192K)
 Metaspace       used 35077K, committed 35648K, reserved 1114112K
  class space    used 4728K, committed 4992K, reserved 1048576K
}
Event: 590.617 GC heap after
{Heap after GC invocations=239 (full 0):
 garbage-first heap   total reserved 4120576K, committed 159744K, used 50459K [0x0000000704800000, 0x0000000800000000)
  region size 2048K, 3 young (6144K), 3 survivors (6144K)
 Metaspace       used 35077K, committed 35648K, reserved 1114112K
  class space    used 4728K, committed 4992K, reserved 1048576K
}
Event: 593.215 GC heap before
{Heap before GC invocations=240 (full 0):
 garbage-first heap   total reserved 4120576K, committed 159744K, used 126235K [0x0000000704800000, 0x0000000800000000)
  region size 2048K, 41 young (83968K), 3 survivors (6144K)
 Metaspace       used 35081K, committed 35648K, reserved 1114112K
  class space    used 4728K, committed 4992K, reserved 1048576K
}
Event: 593.218 GC heap after
{Heap after GC invocations=241 (full 0):
 garbage-first heap   total reserved 4120576K, committed 159744K, used 52033K [0x0000000704800000, 0x0000000800000000)
  region size 2048K, 4 young (8192K), 4 survivors (8192K)
 Metaspace       used 35081K, committed 35648K, reserved 1114112K
  class space    used 4728K, committed 4992K, reserved 1048576K
}
Event: 593.357 GC heap before
{Heap before GC invocations=241 (full 0):
 garbage-first heap   total reserved 4120576K, committed 159744K, used 127809K [0x0000000704800000, 0x0000000800000000)
  region size 2048K, 42 young (86016K), 4 survivors (8192K)
 Metaspace       used 35083K, committed 35648K, reserved 1114112K
  class space    used 4728K, committed 4992K, reserved 1048576K
}
Event: 593.360 GC heap after
{Heap after GC invocations=242 (full 0):
 garbage-first heap   total reserved 4120576K, committed 159744K, used 51563K [0x0000000704800000, 0x0000000800000000)
  region size 2048K, 4 young (8192K), 4 survivors (8192K)
 Metaspace       used 35083K, committed 35648K, reserved 1114112K
  class space    used 4728K, committed 4992K, reserved 1048576K
}
Event: 593.598 GC heap before
{Heap before GC invocations=242 (full 0):
 garbage-first heap   total reserved 4120576K, committed 159744K, used 127339K [0x0000000704800000, 0x0000000800000000)
  region size 2048K, 42 young (86016K), 4 survivors (8192K)
 Metaspace       used 35083K, committed 35648K, reserved 1114112K
  class space    used 4728K, committed 4992K, reserved 1048576K
}
Event: 593.600 GC heap after
{Heap after GC invocations=243 (full 0):
 garbage-first heap   total reserved 4120576K, committed 159744K, used 50534K [0x0000000704800000, 0x0000000800000000)
  region size 2048K, 3 young (6144K), 3 survivors (6144K)
 Metaspace       used 35083K, committed 35648K, reserved 1114112K
  class space    used 4728K, committed 4992K, reserved 1048576K
}
Event: 595.303 GC heap before
{Heap before GC invocations=244 (full 0):
 garbage-first heap   total reserved 4120576K, committed 159744K, used 130406K [0x0000000704800000, 0x0000000800000000)
  region size 2048K, 43 young (88064K), 3 survivors (6144K)
 Metaspace       used 35083K, committed 35648K, reserved 1114112K
  class space    used 4728K, committed 4992K, reserved 1048576K
}
Event: 595.305 GC heap after
{Heap after GC invocations=245 (full 0):
 garbage-first heap   total reserved 4120576K, committed 159744K, used 49024K [0x0000000704800000, 0x0000000800000000)
  region size 2048K, 3 young (6144K), 3 survivors (6144K)
 Metaspace       used 35083K, committed 35648K, reserved 1114112K
  class space    used 4728K, committed 4992K, reserved 1048576K
}
Event: 595.678 GC heap before
{Heap before GC invocations=245 (full 0):
 garbage-first heap   total reserved 4120576K, committed 159744K, used 128896K [0x0000000704800000, 0x0000000800000000)
  region size 2048K, 43 young (88064K), 3 survivors (6144K)
 Metaspace       used 35085K, committed 35648K, reserved 1114112K
  class space    used 4728K, committed 4992K, reserved 1048576K
}
Event: 595.680 GC heap after
{Heap after GC invocations=246 (full 0):
 garbage-first heap   total reserved 4120576K, committed 159744K, used 51065K [0x0000000704800000, 0x0000000800000000)
  region size 2048K, 4 young (8192K), 4 survivors (8192K)
 Metaspace       used 35085K, committed 35648K, reserved 1114112K
  class space    used 4728K, committed 4992K, reserved 1048576K
}
Event: 596.564 GC heap before
{Heap before GC invocations=246 (full 0):
 garbage-first heap   total reserved 4120576K, committed 159744K, used 128889K [0x0000000704800000, 0x0000000800000000)
  region size 2048K, 43 young (88064K), 4 survivors (8192K)
 Metaspace       used 35085K, committed 35648K, reserved 1114112K
  class space    used 4728K, committed 4992K, reserved 1048576K
}
Event: 597.368 GC heap after
{Heap after GC invocations=247 (full 0):
 garbage-first heap   total reserved 4120576K, committed 159744K, used 48844K [0x0000000704800000, 0x0000000800000000)
  region size 2048K, 3 young (6144K), 3 survivors (6144K)
 Metaspace       used 35085K, committed 35648K, reserved 1114112K
  class space    used 4728K, committed 4992K, reserved 1048576K
}
Event: 597.373 GC heap before
{Heap before GC invocations=247 (full 0):
 garbage-first heap   total reserved 4120576K, committed 159744K, used 48844K [0x0000000704800000, 0x0000000800000000)
  region size 2048K, 4 young (8192K), 3 survivors (6144K)
 Metaspace       used 35085K, committed 35648K, reserved 1114112K
  class space    used 4728K, committed 4992K, reserved 1048576K
}
Event: 597.374 GC heap after
{Heap after GC invocations=248 (full 0):
 garbage-first heap   total reserved 4120576K, committed 159744K, used 48463K [0x0000000704800000, 0x0000000800000000)
  region size 2048K, 1 young (2048K), 1 survivors (2048K)
 Metaspace       used 35085K, committed 35648K, reserved 1114112K
  class space    used 4728K, committed 4992K, reserved 1048576K
}
Event: 597.380 GC heap before
{Heap before GC invocations=248 (full 0):
 garbage-first heap   total reserved 4120576K, committed 159744K, used 50511K [0x0000000704800000, 0x0000000800000000)
  region size 2048K, 3 young (6144K), 1 survivors (2048K)
 Metaspace       used 35085K, committed 35648K, reserved 1114112K
  class space    used 4728K, committed 4992K, reserved 1048576K
}
Event: 597.381 GC heap after
{Heap after GC invocations=249 (full 0):
 garbage-first heap   total reserved 4120576K, committed 159744K, used 48567K [0x0000000704800000, 0x0000000800000000)
  region size 2048K, 1 young (2048K), 1 survivors (2048K)
 Metaspace       used 35085K, committed 35648K, reserved 1114112K
  class space    used 4728K, committed 4992K, reserved 1048576K
}
Event: 597.400 GC heap before
{Heap before GC invocations=250 (full 0):
 garbage-first heap   total reserved 4120576K, committed 159744K, used 52663K [0x0000000704800000, 0x0000000800000000)
  region size 2048K, 3 young (6144K), 1 survivors (2048K)
 Metaspace       used 35085K, committed 35648K, reserved 1114112K
  class space    used 4728K, committed 4992K, reserved 1048576K
}

